2024-05-26 20:21:58 - Actualizando producto: productId=6, nombreProducto=, descripcionProducto=, precio=0, categoriaID=, foto=0
2024-05-26 20:23:48 - Archivo subido: nombre=655b5efe8466a22d7c714d60c23a5cfe.png, tipo=image/png, size=113192, width=613, height=612
2024-05-26 20:23:48 - Archivo movido a: fotos/655b5efe8466a22d7c714d60c23a5cfe.png
2024-05-26 20:23:48 - Actualizando producto: productId=14, nombreProducto=wd, descripcionProducto=cascsa, precio=21, categoriaID=2, foto=fotos/655b5efe8466a22d7c714d60c23a5cfe.png
2024-05-26 20:24:38 - Archivo subido: nombre=20221015_102332.jpg, tipo=image/jpeg, size=4194527, width=4160, height=3120
2024-05-26 20:24:46 - Archivo subido: nombre=20221013_161646.jpg, tipo=image/jpeg, size=4194527, width=4160, height=3120
2024-05-26 20:24:48 - Archivo subido: nombre=20221013_161646.jpg, tipo=image/jpeg, size=4194527, width=4160, height=3120
2024-05-26 20:24:55 - Archivo subido: nombre=82a0e2d6902d281870420bea42cb7052.png, tipo=image/png, size=344280, width=1080, height=1080
2024-05-26 20:24:55 - Archivo movido a: fotos/82a0e2d6902d281870420bea42cb7052.png
2024-05-26 20:24:55 - Actualizando producto: productId=14, nombreProducto=wd, descripcionProducto=cascsa, precio=21, categoriaID=2, foto=fotos/82a0e2d6902d281870420bea42cb7052.png
2024-05-26 20:25:10 - Archivo subido: nombre=573faef3f2a2e00a9f4763f72499b3d9.png, tipo=image/png, size=645370, width=1035, height=1920
2024-05-26 20:25:10 - Archivo movido a: fotos/573faef3f2a2e00a9f4763f72499b3d9.png
2024-05-26 20:25:10 - Actualizando producto: productId=5, nombreProducto=123, descripcionProducto=inana, precio=458, categoriaID=2, foto=fotos/573faef3f2a2e00a9f4763f72499b3d9.png
2024-05-26 20:25:31 - Archivo subido: nombre=573faef3f2a2e00a9f4763f72499b3d9.png, tipo=image/png, size=645370, width=1035, height=1920
2024-05-26 20:25:31 - Archivo movido a: fotos/573faef3f2a2e00a9f4763f72499b3d9.png
2024-05-26 20:25:31 - Actualizando producto: productId=6, nombreProducto=, descripcionProducto=, precio=0, categoriaID=, foto=fotos/573faef3f2a2e00a9f4763f72499b3d9.png
2024-05-26 20:25:41 - Archivo subido: nombre=573faef3f2a2e00a9f4763f72499b3d9.png, tipo=image/png, size=645370, width=1035, height=1920
2024-05-26 20:25:41 - Archivo movido a: fotos/573faef3f2a2e00a9f4763f72499b3d9.png
2024-05-26 20:25:41 - Actualizando producto: productId=6, nombreProducto=, descripcionProducto=, precio=0, categoriaID=, foto=fotos/573faef3f2a2e00a9f4763f72499b3d9.png
2024-05-26 20:26:40 - Archivo subido: nombre=82a0e2d6902d281870420bea42cb7052.png, tipo=image/png, size=344280, width=1080, height=1080
2024-05-26 20:26:40 - Archivo movido a: fotos/82a0e2d6902d281870420bea42cb7052.png
2024-05-26 20:26:40 - Actualizando producto: productId=7, nombreProducto=yo, descripcionProducto=asx, precio=859, categoriaID=2, foto=fotos/82a0e2d6902d281870420bea42cb7052.png
2024-05-26 20:28:40 - Archivo subido: nombre=1565c27bbc4aa47d7de93774458794cb.png, tipo=image/png, size=370266, width=1080, height=1080
2024-05-26 20:28:40 - Archivo movido a: fotos/1565c27bbc4aa47d7de93774458794cb.png
2024-05-26 20:28:40 - Actualizando producto: productId=7, nombreProducto=gpt, descripcionProducto=4, precio=12, categoriaID=2, foto=fotos/1565c27bbc4aa47d7de93774458794cb.png
